    1  sudo apt install gcc
    2  sudo apt install make
    3  pwd
    4  cd ~
    5  cd Desktop/
    6  ls -latr ; mkdir cs149 ; cd cs149
    7  git init
    8  sudo apt install git
    9  git init
   10  git remote add origin https://github.com/TanishaD111/cs149.git
   11  git config --global user.email "tanishadamle111@gmail.com"
   12  git config --global user.name "tanisha"
   13  mkdir WS1
   14  cd WS1
   15  git add .
   16  wget -O out.pdf https://tinyurl.com/yy94jltt
   17  ls -latr
   18  history > cmds.log
   19  git add smds.log *.c
   20  git add cmds.log *.c
   21  gedit 1_15.c
   22  gedit 1_16.c
   23  pwd
   24  cd Desktop/
   25  cd cs149
   26  cd WS1
   27  geddit 1_16.c
   28  gedit 1_16.c
   29  cd Desktop/
   30  cd cs149
   31  cd WS1
   32  gedit 1_17.c
   33  cd Desktop/
   34  cd cs149
   35  cd WS1
   36  gedit 1_18.c
   37  cd Desktop/
   38  cd cs149
   39  cd WS1
   40  gedit 1_19.c
   41  cd Desktop/
   42  cd cs149
   43  cd WS1
   44  gedit 1_20.c
   45  cd ~
   46  cd Desktop/
   47  cd cs149/WS2
   48  gedit 2_29.c
   49  cd Desktop/
   50  cd cs149/WS2
   51  gedit 2_32.c
   52  cd Desktop/
   53  cd cs149/WS2
   54  gedit 2_34.c
   55  cd Desktop/
   56  cd cs149/WS2
   57  gedit 3_22.c
   58  ls -latr
   59  echo $?
   60  man ps
   61  ps aux
   62  top
   63  cd Desktop/
   64  cd cs149
   65  cd WS2
   66  history >worksheet2.log
   67  history > worksheet2.log
